<?xml version="1.0" encoding="utf-8"?><testsuites name="pytest tests"><testsuite name="pytest" errors="0" failures="0" skipped="0" tests="14" time="2.823" timestamp="2026-04-15T23:54:13.372709+00:00" hostname="agent-env-2049fbb7-54ac-4cb9-a54d-2810e0f47df4"><testcase classname="tests.test_properties_contact.TestHealthCheck" name="test_api_root_returns_200" time="0.185" /><testcase classname="tests.test_properties_contact.TestPropertiesAPI" name="test_get_all_properties_returns_200" time="0.127" /><testcase classname="tests.test_properties_contact.TestPropertiesAPI" name="test_get_all_properties_returns_4_houses" time="0.161" /><testcase classname="tests.test_properties_contact.TestPropertiesAPI" name="test_properties_have_required_fields" time="0.135" /><testcase classname="tests.test_properties_contact.TestPropertiesAPI" name="test_properties_have_airbnb_photos" time="0.167" /><testcase classname="tests.test_properties_contact.TestPropertiesAPI" name="test_properties_have_ratings" time="0.100" /><testcase classname="tests.test_properties_contact.TestPropertiesAPI" name="test_get_active_properties_only" time="0.114" /><testcase classname="tests.test_properties_contact.TestPropertiesAPI" name="test_get_single_property" time="0.279" /><testcase classname="tests.test_properties_contact.TestPropertiesAPI" name="test_get_nonexistent_property_returns_404" time="0.112" /><testcase classname="tests.test_properties_contact.TestContactFormAPI" name="test_contact_form_validation_missing_fields" time="0.110" /><testcase classname="tests.test_properties_contact.TestContactFormAPI" name="test_contact_form_validation_invalid_email" time="0.153" /><testcase classname="tests.test_properties_contact.TestContactFormAPI" name="test_contact_form_accepts_valid_data" time="0.336" /><testcase classname="tests.test_properties_contact.TestContactFormAPI" name="test_contact_form_phone_optional" time="0.278" /><testcase classname="tests.test_properties_contact.TestPropertyUpdate" name="test_update_property_price" time="0.494" /></testsuite></testsuites>